CRITICAL - 2021-07-10 06:47:49 --> Class 'App\Libraries\SettingsModel' not found
#0 /home/gnecmedia/app/Controllers/Home.php(307): App\Libraries\Emailhandler::contactEmail(Array)
#1 /home/gnecmedia/vendor/codeigniter4/framework/system/CodeIgniter.php(928): App\Controllers\Home->contactUs()
#2 /home/gnecmedia/vendor/codeigniter4/framework/system/CodeIgniter.php(436): CodeIgniter\CodeIgniter->runController(Object(App\Controllers\Home))
#3 /home/gnecmedia/vendor/codeigniter4/framework/system/CodeIgniter.php(336): CodeIgniter\CodeIgniter->handleRequest(NULL, Object(Config\Cache), false)
#4 /home/gnecmedia/public_html/index.php(37): CodeIgniter\CodeIgniter->run()
#5 {main}
CRITICAL - 2021-07-10 06:48:10 --> Call to a member function hasError() on string
#0 /home/gnecmedia/vendor/codeigniter4/framework/system/View/View.php(230): include()
#1 /home/gnecmedia/vendor/codeigniter4/framework/system/View/View.php(232): CodeIgniter\View\View->CodeIgniter\View\{closure}()
#2 /home/gnecmedia/vendor/codeigniter4/framework/system/View/View.php(487): CodeIgniter\View\View->render('pages/contact-u...', NULL, true)
#3 /home/gnecmedia/app/Views/index.php(264): CodeIgniter\View\View->include('pages/contact-u...')
#4 /home/gnecmedia/vendor/codeigniter4/framework/system/View/View.php(230): include('/home/gnecmedia...')
#5 /home/gnecmedia/vendor/codeigniter4/framework/system/View/View.php(232): CodeIgniter\View\View->CodeIgniter\View\{closure}()
#6 /home/gnecmedia/vendor/codeigniter4/framework/system/Common.php(1271): CodeIgniter\View\View->render('index', Array, true)
#7 /home/gnecmedia/app/Controllers/AppBase.php(14): view('index', Array)
#8 /home/gnecmedia/app/Controllers/Home.php(314): App\Controllers\AppBase->layout()
#9 /home/gnecmedia/vendor/codeigniter4/framework/system/CodeIgniter.php(928): App\Controllers\Home->contactUs()
#10 /home/gnecmedia/vendor/codeigniter4/framework/system/CodeIgniter.php(436): CodeIgniter\CodeIgniter->runController(Object(App\Controllers\Home))
#11 /home/gnecmedia/vendor/codeigniter4/framework/system/CodeIgniter.php(336): CodeIgniter\CodeIgniter->handleRequest(NULL, Object(Config\Cache), false)
#12 /home/gnecmedia/public_html/index.php(37): CodeIgniter\CodeIgniter->run()
#13 {main}
ERROR - 2021-07-10 06:49:02 --> Email: sendWithMail throwed Use of undefined constant INTL_IDNA_VARIANT_UTS46 - assumed 'INTL_IDNA_VARIANT_UTS46' (this will throw an Error in a future version of PHP)
ERROR - 2021-07-10 06:51:18 --> Email: sendWithMail throwed Use of undefined constant INTL_IDNA_VARIANT_UTS46 - assumed 'INTL_IDNA_VARIANT_UTS46' (this will throw an Error in a future version of PHP)
ERROR - 2021-07-10 06:53:04 --> Email: sendWithMail throwed Use of undefined constant INTL_IDNA_VARIANT_UTS46 - assumed 'INTL_IDNA_VARIANT_UTS46' (this will throw an Error in a future version of PHP)
CRITICAL - 2021-07-10 07:00:21 --> Call to a member function hasError() on string
#0 /home/gnecmedia/vendor/codeigniter4/framework/system/View/View.php(230): include()
#1 /home/gnecmedia/vendor/codeigniter4/framework/system/View/View.php(232): CodeIgniter\View\View->CodeIgniter\View\{closure}()
#2 /home/gnecmedia/vendor/codeigniter4/framework/system/View/View.php(487): CodeIgniter\View\View->render('pages/contact-u...', NULL, true)
#3 /home/gnecmedia/app/Views/index.php(264): CodeIgniter\View\View->include('pages/contact-u...')
#4 /home/gnecmedia/vendor/codeigniter4/framework/system/View/View.php(230): include('/home/gnecmedia...')
#5 /home/gnecmedia/vendor/codeigniter4/framework/system/View/View.php(232): CodeIgniter\View\View->CodeIgniter\View\{closure}()
#6 /home/gnecmedia/vendor/codeigniter4/framework/system/Common.php(1271): CodeIgniter\View\View->render('index', Array, true)
#7 /home/gnecmedia/app/Controllers/AppBase.php(14): view('index', Array)
#8 /home/gnecmedia/app/Controllers/Home.php(314): App\Controllers\AppBase->layout()
#9 /home/gnecmedia/vendor/codeigniter4/framework/system/CodeIgniter.php(928): App\Controllers\Home->contactUs()
#10 /home/gnecmedia/vendor/codeigniter4/framework/system/CodeIgniter.php(436): CodeIgniter\CodeIgniter->runController(Object(App\Controllers\Home))
#11 /home/gnecmedia/vendor/codeigniter4/framework/system/CodeIgniter.php(336): CodeIgniter\CodeIgniter->handleRequest(NULL, Object(Config\Cache), false)
#12 /home/gnecmedia/public_html/index.php(37): CodeIgniter\CodeIgniter->run()
#13 {main}
ERROR - 2021-07-10 07:00:49 --> Email: sendWithMail throwed Use of undefined constant INTL_IDNA_VARIANT_UTS46 - assumed 'INTL_IDNA_VARIANT_UTS46' (this will throw an Error in a future version of PHP)
