CRITICAL - 2021-07-09 02:36:34 --> Call to undefined method App\Controllers\Home::layout()
#0 E:\XAMPP\htdocs\gnecmedia\vendor\codeigniter4\framework\system\CodeIgniter.php(928): App\Controllers\Home->index()
#1 E:\XAMPP\htdocs\gnecmedia\vendor\codeigniter4\framework\system\CodeIgniter.php(436): CodeIgniter\CodeIgniter->runController(Object(App\Controllers\Home))
#2 E:\XAMPP\htdocs\gnecmedia\vendor\codeigniter4\framework\system\CodeIgniter.php(336): CodeIgniter\CodeIgniter->handleRequest(NULL, Object(Config\Cache), false)
#3 E:\XAMPP\htdocs\gnecmedia\public\index.php(37): CodeIgniter\CodeIgniter->run()
#4 E:\XAMPP\htdocs\gnecmedia\vendor\codeigniter4\framework\system\Commands\Server\rewrite.php(45): require_once('E:\\XAMPP\\htdocs...')
#5 {main}
CRITICAL - 2021-07-09 02:36:52 --> Argument 2 passed to view() must be of the type array, null given, called in E:\XAMPP\htdocs\gnecmedia\app\Controllers\AppBase.php on line 14
#0 E:\XAMPP\htdocs\gnecmedia\app\Controllers\AppBase.php(14): view('index', NULL)
#1 E:\XAMPP\htdocs\gnecmedia\app\Controllers\Home.php(11): App\Controllers\AppBase->layout()
#2 E:\XAMPP\htdocs\gnecmedia\vendor\codeigniter4\framework\system\CodeIgniter.php(928): App\Controllers\Home->index()
#3 E:\XAMPP\htdocs\gnecmedia\vendor\codeigniter4\framework\system\CodeIgniter.php(436): CodeIgniter\CodeIgniter->runController(Object(App\Controllers\Home))
#4 E:\XAMPP\htdocs\gnecmedia\vendor\codeigniter4\framework\system\CodeIgniter.php(336): CodeIgniter\CodeIgniter->handleRequest(NULL, Object(Config\Cache), false)
#5 E:\XAMPP\htdocs\gnecmedia\public\index.php(37): CodeIgniter\CodeIgniter->run()
#6 E:\XAMPP\htdocs\gnecmedia\vendor\codeigniter4\framework\system\Commands\Server\rewrite.php(45): require_once('E:\\XAMPP\\htdocs...')
#7 {main}
CRITICAL - 2021-07-09 03:00:00 --> Invalid file: scripts/home.php
#0 E:\XAMPP\htdocs\gnecmedia\vendor\codeigniter4\framework\system\View\View.php(213): CodeIgniter\Exceptions\FrameworkException::forInvalidFile('scripts/home.ph...')
#1 E:\XAMPP\htdocs\gnecmedia\vendor\codeigniter4\framework\system\View\View.php(487): CodeIgniter\View\View->render('scripts/home', NULL, true)
#2 E:\XAMPP\htdocs\gnecmedia\app\Views\index.php(750): CodeIgniter\View\View->include('scripts/home')
#3 E:\XAMPP\htdocs\gnecmedia\vendor\codeigniter4\framework\system\View\View.php(230): include('E:\\XAMPP\\htdocs...')
#4 E:\XAMPP\htdocs\gnecmedia\vendor\codeigniter4\framework\system\View\View.php(232): CodeIgniter\View\View->CodeIgniter\View\{closure}()
#5 E:\XAMPP\htdocs\gnecmedia\vendor\codeigniter4\framework\system\Common.php(1271): CodeIgniter\View\View->render('index', Array, true)
#6 E:\XAMPP\htdocs\gnecmedia\app\Controllers\AppBase.php(14): view('index', Array)
#7 E:\XAMPP\htdocs\gnecmedia\app\Controllers\Home.php(11): App\Controllers\AppBase->layout()
#8 E:\XAMPP\htdocs\gnecmedia\vendor\codeigniter4\framework\system\CodeIgniter.php(928): App\Controllers\Home->index()
#9 E:\XAMPP\htdocs\gnecmedia\vendor\codeigniter4\framework\system\CodeIgniter.php(436): CodeIgniter\CodeIgniter->runController(Object(App\Controllers\Home))
#10 E:\XAMPP\htdocs\gnecmedia\vendor\codeigniter4\framework\system\CodeIgniter.php(336): CodeIgniter\CodeIgniter->handleRequest(NULL, Object(Config\Cache), false)
#11 E:\XAMPP\htdocs\gnecmedia\public\index.php(37): CodeIgniter\CodeIgniter->run()
#12 E:\XAMPP\htdocs\gnecmedia\vendor\codeigniter4\framework\system\Commands\Server\rewrite.php(45): require_once('E:\\XAMPP\\htdocs...')
#13 {main}
CRITICAL - 2021-07-09 07:30:27 --> Use of undefined constant ROOT_PATH - assumed 'ROOT_PATH' (this will throw an Error in a future version of PHP)
#0 E:\XAMPP\htdocs\gnecmedia\app\Views\pages\bulk-sms-service-provider-in-bangalore.php(14): CodeIgniter\Debug\Exceptions->errorHandler(2, 'Use of undefine...', 'E:\\XAMPP\\htdocs...', 14, Array)
#1 E:\XAMPP\htdocs\gnecmedia\vendor\codeigniter4\framework\system\View\View.php(230): include('E:\\XAMPP\\htdocs...')
#2 E:\XAMPP\htdocs\gnecmedia\vendor\codeigniter4\framework\system\View\View.php(232): CodeIgniter\View\View->CodeIgniter\View\{closure}()
#3 E:\XAMPP\htdocs\gnecmedia\vendor\codeigniter4\framework\system\View\View.php(487): CodeIgniter\View\View->render('pages/bulk-sms-...', NULL, true)
#4 E:\XAMPP\htdocs\gnecmedia\app\Views\index.php(264): CodeIgniter\View\View->include('pages/bulk-sms-...')
#5 E:\XAMPP\htdocs\gnecmedia\vendor\codeigniter4\framework\system\View\View.php(230): include('E:\\XAMPP\\htdocs...')
#6 E:\XAMPP\htdocs\gnecmedia\vendor\codeigniter4\framework\system\View\View.php(232): CodeIgniter\View\View->CodeIgniter\View\{closure}()
#7 E:\XAMPP\htdocs\gnecmedia\vendor\codeigniter4\framework\system\Common.php(1271): CodeIgniter\View\View->render('index', Array, true)
#8 E:\XAMPP\htdocs\gnecmedia\app\Controllers\AppBase.php(14): view('index', Array)
#9 E:\XAMPP\htdocs\gnecmedia\app\Controllers\Home.php(139): App\Controllers\AppBase->layout()
#10 E:\XAMPP\htdocs\gnecmedia\vendor\codeigniter4\framework\system\CodeIgniter.php(928): App\Controllers\Home->bulkSmsServiceProviderInBangalore()
#11 E:\XAMPP\htdocs\gnecmedia\vendor\codeigniter4\framework\system\CodeIgniter.php(436): CodeIgniter\CodeIgniter->runController(Object(App\Controllers\Home))
#12 E:\XAMPP\htdocs\gnecmedia\vendor\codeigniter4\framework\system\CodeIgniter.php(336): CodeIgniter\CodeIgniter->handleRequest(NULL, Object(Config\Cache), false)
#13 E:\XAMPP\htdocs\gnecmedia\public\index.php(37): CodeIgniter\CodeIgniter->run()
#14 E:\XAMPP\htdocs\gnecmedia\vendor\codeigniter4\framework\system\Commands\Server\rewrite.php(45): require_once('E:\\XAMPP\\htdocs...')
#15 {main}
CRITICAL - 2021-07-09 07:30:46 --> Use of undefined constant ROOT_PATH - assumed 'ROOT_PATH' (this will throw an Error in a future version of PHP)
#0 E:\XAMPP\htdocs\gnecmedia\app\Views\pages\bulk-sms-service-provider-in-bangalore.php(14): CodeIgniter\Debug\Exceptions->errorHandler(2, 'Use of undefine...', 'E:\\XAMPP\\htdocs...', 14, Array)
#1 E:\XAMPP\htdocs\gnecmedia\vendor\codeigniter4\framework\system\View\View.php(230): include('E:\\XAMPP\\htdocs...')
#2 E:\XAMPP\htdocs\gnecmedia\vendor\codeigniter4\framework\system\View\View.php(232): CodeIgniter\View\View->CodeIgniter\View\{closure}()
#3 E:\XAMPP\htdocs\gnecmedia\vendor\codeigniter4\framework\system\View\View.php(487): CodeIgniter\View\View->render('pages/bulk-sms-...', NULL, true)
#4 E:\XAMPP\htdocs\gnecmedia\app\Views\index.php(264): CodeIgniter\View\View->include('pages/bulk-sms-...')
#5 E:\XAMPP\htdocs\gnecmedia\vendor\codeigniter4\framework\system\View\View.php(230): include('E:\\XAMPP\\htdocs...')
#6 E:\XAMPP\htdocs\gnecmedia\vendor\codeigniter4\framework\system\View\View.php(232): CodeIgniter\View\View->CodeIgniter\View\{closure}()
#7 E:\XAMPP\htdocs\gnecmedia\vendor\codeigniter4\framework\system\Common.php(1271): CodeIgniter\View\View->render('index', Array, true)
#8 E:\XAMPP\htdocs\gnecmedia\app\Controllers\AppBase.php(14): view('index', Array)
#9 E:\XAMPP\htdocs\gnecmedia\app\Controllers\Home.php(139): App\Controllers\AppBase->layout()
#10 E:\XAMPP\htdocs\gnecmedia\vendor\codeigniter4\framework\system\CodeIgniter.php(928): App\Controllers\Home->bulkSmsServiceProviderInBangalore()
#11 E:\XAMPP\htdocs\gnecmedia\vendor\codeigniter4\framework\system\CodeIgniter.php(436): CodeIgniter\CodeIgniter->runController(Object(App\Controllers\Home))
#12 E:\XAMPP\htdocs\gnecmedia\vendor\codeigniter4\framework\system\CodeIgniter.php(336): CodeIgniter\CodeIgniter->handleRequest(NULL, Object(Config\Cache), false)
#13 E:\XAMPP\htdocs\gnecmedia\public\index.php(37): CodeIgniter\CodeIgniter->run()
#14 E:\XAMPP\htdocs\gnecmedia\vendor\codeigniter4\framework\system\Commands\Server\rewrite.php(45): require_once('E:\\XAMPP\\htdocs...')
#15 {main}
