ERROR - 2021-07-12 04:30:55 --> Email: sendWithMail throwed Use of undefined constant INTL_IDNA_VARIANT_UTS46 - assumed 'INTL_IDNA_VARIANT_UTS46' (this will throw an Error in a future version of PHP)
CRITICAL - 2021-07-12 04:38:27 --> Class 'App\Libraries\SettingsModel' not found
#0 /home/gnecmedia/app/Controllers/Home.php(307): App\Libraries\Emailhandler::contactEmail(Array)
#1 /home/gnecmedia/vendor/codeigniter4/framework/system/CodeIgniter.php(928): App\Controllers\Home->contactUs()
#2 /home/gnecmedia/vendor/codeigniter4/framework/system/CodeIgniter.php(436): CodeIgniter\CodeIgniter->runController(Object(App\Controllers\Home))
#3 /home/gnecmedia/vendor/codeigniter4/framework/system/CodeIgniter.php(336): CodeIgniter\CodeIgniter->handleRequest(NULL, Object(Config\Cache), false)
#4 /home/gnecmedia/public_html/index.php(37): CodeIgniter\CodeIgniter->run()
#5 {main}
CRITICAL - 2021-07-12 04:38:52 --> Illegal string offset 'name'
#0 /home/gnecmedia/app/Libraries/Emailhandler.php(20): CodeIgniter\Debug\Exceptions->errorHandler(2, 'Illegal string ...', '/home/gnecmedia...', 20, Array)
#1 /home/gnecmedia/app/Libraries/Emailhandler.php(40): App\Libraries\Emailhandler::sendEmail('ashok.kumar@gne...', 'GNEC MEDIA | En...', '<div style="wid...', 'Ashok Kumar Tha...')
#2 /home/gnecmedia/app/Controllers/Home.php(307): App\Libraries\Emailhandler::contactEmail(Array)
#3 /home/gnecmedia/vendor/codeigniter4/framework/system/CodeIgniter.php(928): App\Controllers\Home->contactUs()
#4 /home/gnecmedia/vendor/codeigniter4/framework/system/CodeIgniter.php(436): CodeIgniter\CodeIgniter->runController(Object(App\Controllers\Home))
#5 /home/gnecmedia/vendor/codeigniter4/framework/system/CodeIgniter.php(336): CodeIgniter\CodeIgniter->handleRequest(NULL, Object(Config\Cache), false)
#6 /home/gnecmedia/public_html/index.php(37): CodeIgniter\CodeIgniter->run()
#7 {main}
CRITICAL - 2021-07-12 05:07:31 --> Call to a member function hasError() on string
#0 /home/gnecmedia/vendor/codeigniter4/framework/system/View/View.php(230): include()
#1 /home/gnecmedia/vendor/codeigniter4/framework/system/View/View.php(232): CodeIgniter\View\View->CodeIgniter\View\{closure}()
#2 /home/gnecmedia/vendor/codeigniter4/framework/system/View/View.php(487): CodeIgniter\View\View->render('includes/lets-t...', NULL, true)
#3 /home/gnecmedia/app/Views/pages/mobile-application-development.php(90): CodeIgniter\View\View->include('includes/lets-t...')
#4 /home/gnecmedia/vendor/codeigniter4/framework/system/View/View.php(230): include('/home/gnecmedia...')
#5 /home/gnecmedia/vendor/codeigniter4/framework/system/View/View.php(232): CodeIgniter\View\View->CodeIgniter\View\{closure}()
#6 /home/gnecmedia/vendor/codeigniter4/framework/system/View/View.php(487): CodeIgniter\View\View->render('pages/mobile-ap...', NULL, true)
#7 /home/gnecmedia/app/Views/index.php(264): CodeIgniter\View\View->include('pages/mobile-ap...')
#8 /home/gnecmedia/vendor/codeigniter4/framework/system/View/View.php(230): include('/home/gnecmedia...')
#9 /home/gnecmedia/vendor/codeigniter4/framework/system/View/View.php(232): CodeIgniter\View\View->CodeIgniter\View\{closure}()
#10 /home/gnecmedia/vendor/codeigniter4/framework/system/Common.php(1271): CodeIgniter\View\View->render('index', Array, true)
#11 /home/gnecmedia/app/Controllers/AppBase.php(14): view('index', Array)
#12 /home/gnecmedia/app/Controllers/Home.php(97): App\Controllers\AppBase->layout()
#13 /home/gnecmedia/vendor/codeigniter4/framework/system/CodeIgniter.php(928): App\Controllers\Home->mobileApplicationDevelopment()
#14 /home/gnecmedia/vendor/codeigniter4/framework/system/CodeIgniter.php(436): CodeIgniter\CodeIgniter->runController(Object(App\Controllers\Home))
#15 /home/gnecmedia/vendor/codeigniter4/framework/system/CodeIgniter.php(336): CodeIgniter\CodeIgniter->handleRequest(NULL, Object(Config\Cache), false)
#16 /home/gnecmedia/public_html/index.php(37): CodeIgniter\CodeIgniter->run()
#17 {main}
CRITICAL - 2021-07-12 05:09:44 --> Call to a member function hasError() on string
#0 /home/gnecmedia/vendor/codeigniter4/framework/system/View/View.php(230): include()
#1 /home/gnecmedia/vendor/codeigniter4/framework/system/View/View.php(232): CodeIgniter\View\View->CodeIgniter\View\{closure}()
#2 /home/gnecmedia/vendor/codeigniter4/framework/system/View/View.php(487): CodeIgniter\View\View->render('includes/lets-t...', NULL, true)
#3 /home/gnecmedia/app/Views/pages/mobile-application-development.php(90): CodeIgniter\View\View->include('includes/lets-t...')
#4 /home/gnecmedia/vendor/codeigniter4/framework/system/View/View.php(230): include('/home/gnecmedia...')
#5 /home/gnecmedia/vendor/codeigniter4/framework/system/View/View.php(232): CodeIgniter\View\View->CodeIgniter\View\{closure}()
#6 /home/gnecmedia/vendor/codeigniter4/framework/system/View/View.php(487): CodeIgniter\View\View->render('pages/mobile-ap...', NULL, true)
#7 /home/gnecmedia/app/Views/index.php(264): CodeIgniter\View\View->include('pages/mobile-ap...')
#8 /home/gnecmedia/vendor/codeigniter4/framework/system/View/View.php(230): include('/home/gnecmedia...')
#9 /home/gnecmedia/vendor/codeigniter4/framework/system/View/View.php(232): CodeIgniter\View\View->CodeIgniter\View\{closure}()
#10 /home/gnecmedia/vendor/codeigniter4/framework/system/Common.php(1271): CodeIgniter\View\View->render('index', Array, true)
#11 /home/gnecmedia/app/Controllers/AppBase.php(14): view('index', Array)
#12 /home/gnecmedia/app/Controllers/Home.php(101): App\Controllers\AppBase->layout()
#13 /home/gnecmedia/vendor/codeigniter4/framework/system/CodeIgniter.php(928): App\Controllers\Home->mobileApplicationDevelopment()
#14 /home/gnecmedia/vendor/codeigniter4/framework/system/CodeIgniter.php(436): CodeIgniter\CodeIgniter->runController(Object(App\Controllers\Home))
#15 /home/gnecmedia/vendor/codeigniter4/framework/system/CodeIgniter.php(336): CodeIgniter\CodeIgniter->handleRequest(NULL, Object(Config\Cache), false)
#16 /home/gnecmedia/public_html/index.php(37): CodeIgniter\CodeIgniter->run()
#17 {main}
CRITICAL - 2021-07-12 05:15:55 --> Call to a member function hasError() on string
#0 /home/gnecmedia/vendor/codeigniter4/framework/system/View/View.php(230): include()
#1 /home/gnecmedia/vendor/codeigniter4/framework/system/View/View.php(232): CodeIgniter\View\View->CodeIgniter\View\{closure}()
#2 /home/gnecmedia/vendor/codeigniter4/framework/system/View/View.php(487): CodeIgniter\View\View->render('includes/lets-t...', NULL, true)
#3 /home/gnecmedia/app/Views/pages/mobile-application-development.php(90): CodeIgniter\View\View->include('includes/lets-t...')
#4 /home/gnecmedia/vendor/codeigniter4/framework/system/View/View.php(230): include('/home/gnecmedia...')
#5 /home/gnecmedia/vendor/codeigniter4/framework/system/View/View.php(232): CodeIgniter\View\View->CodeIgniter\View\{closure}()
#6 /home/gnecmedia/vendor/codeigniter4/framework/system/View/View.php(487): CodeIgniter\View\View->render('pages/mobile-ap...', NULL, true)
#7 /home/gnecmedia/app/Views/index.php(264): CodeIgniter\View\View->include('pages/mobile-ap...')
#8 /home/gnecmedia/vendor/codeigniter4/framework/system/View/View.php(230): include('/home/gnecmedia...')
#9 /home/gnecmedia/vendor/codeigniter4/framework/system/View/View.php(232): CodeIgniter\View\View->CodeIgniter\View\{closure}()
#10 /home/gnecmedia/vendor/codeigniter4/framework/system/Common.php(1271): CodeIgniter\View\View->render('index', Array, true)
#11 /home/gnecmedia/app/Controllers/AppBase.php(14): view('index', Array)
#12 /home/gnecmedia/app/Controllers/Home.php(97): App\Controllers\AppBase->layout()
#13 /home/gnecmedia/vendor/codeigniter4/framework/system/CodeIgniter.php(928): App\Controllers\Home->mobileApplicationDevelopment()
#14 /home/gnecmedia/vendor/codeigniter4/framework/system/CodeIgniter.php(436): CodeIgniter\CodeIgniter->runController(Object(App\Controllers\Home))
#15 /home/gnecmedia/vendor/codeigniter4/framework/system/CodeIgniter.php(336): CodeIgniter\CodeIgniter->handleRequest(NULL, Object(Config\Cache), false)
#16 /home/gnecmedia/public_html/index.php(37): CodeIgniter\CodeIgniter->run()
#17 {main}
CRITICAL - 2021-07-12 05:23:25 --> Call to a member function hasError() on string
#0 /home/gnecmedia/vendor/codeigniter4/framework/system/View/View.php(230): include()
#1 /home/gnecmedia/vendor/codeigniter4/framework/system/View/View.php(232): CodeIgniter\View\View->CodeIgniter\View\{closure}()
#2 /home/gnecmedia/vendor/codeigniter4/framework/system/View/View.php(487): CodeIgniter\View\View->render('includes/lets-t...', NULL, true)
#3 /home/gnecmedia/app/Views/pages/mobile-application-development.php(90): CodeIgniter\View\View->include('includes/lets-t...')
#4 /home/gnecmedia/vendor/codeigniter4/framework/system/View/View.php(230): include('/home/gnecmedia...')
#5 /home/gnecmedia/vendor/codeigniter4/framework/system/View/View.php(232): CodeIgniter\View\View->CodeIgniter\View\{closure}()
#6 /home/gnecmedia/vendor/codeigniter4/framework/system/View/View.php(487): CodeIgniter\View\View->render('pages/mobile-ap...', NULL, true)
#7 /home/gnecmedia/app/Views/index.php(264): CodeIgniter\View\View->include('pages/mobile-ap...')
#8 /home/gnecmedia/vendor/codeigniter4/framework/system/View/View.php(230): include('/home/gnecmedia...')
#9 /home/gnecmedia/vendor/codeigniter4/framework/system/View/View.php(232): CodeIgniter\View\View->CodeIgniter\View\{closure}()
#10 /home/gnecmedia/vendor/codeigniter4/framework/system/Common.php(1271): CodeIgniter\View\View->render('index', Array, true)
#11 /home/gnecmedia/app/Controllers/AppBase.php(14): view('index', Array)
#12 /home/gnecmedia/app/Controllers/Home.php(101): App\Controllers\AppBase->layout()
#13 /home/gnecmedia/vendor/codeigniter4/framework/system/CodeIgniter.php(928): App\Controllers\Home->mobileApplicationDevelopment()
#14 /home/gnecmedia/vendor/codeigniter4/framework/system/CodeIgniter.php(436): CodeIgniter\CodeIgniter->runController(Object(App\Controllers\Home))
#15 /home/gnecmedia/vendor/codeigniter4/framework/system/CodeIgniter.php(336): CodeIgniter\CodeIgniter->handleRequest(NULL, Object(Config\Cache), false)
#16 /home/gnecmedia/public_html/index.php(37): CodeIgniter\CodeIgniter->run()
#17 {main}
CRITICAL - 2021-07-12 06:35:08 --> Undefined index: subject
#0 /home/gnecmedia/app/Libraries/Emailhandler.php(22): CodeIgniter\Debug\Exceptions->errorHandler(8, 'Undefined index...', '/home/gnecmedia...', 22, Array)
#1 /home/gnecmedia/app/Controllers/Home.php(1459): App\Libraries\Emailhandler::contactEmail(Array)
#2 /home/gnecmedia/vendor/codeigniter4/framework/system/CodeIgniter.php(928): App\Controllers\Home->serveiceRequest()
#3 /home/gnecmedia/vendor/codeigniter4/framework/system/CodeIgniter.php(436): CodeIgniter\CodeIgniter->runController(Object(App\Controllers\Home))
#4 /home/gnecmedia/vendor/codeigniter4/framework/system/CodeIgniter.php(336): CodeIgniter\CodeIgniter->handleRequest(NULL, Object(Config\Cache), false)
#5 /home/gnecmedia/public_html/index.php(37): CodeIgniter\CodeIgniter->run()
#6 {main}
CRITICAL - 2021-07-12 06:35:22 --> The action you requested is not allowed.
#0 /home/gnecmedia/vendor/codeigniter4/framework/system/Security/Security.php(240): CodeIgniter\Security\Exceptions\SecurityException::forDisallowedAction()
#1 /home/gnecmedia/vendor/codeigniter4/framework/system/Filters/CSRF.php(57): CodeIgniter\Security\Security->verify(Object(CodeIgniter\HTTP\IncomingRequest))
#2 /home/gnecmedia/vendor/codeigniter4/framework/system/Filters/Filters.php(181): CodeIgniter\Filters\CSRF->before(Object(CodeIgniter\HTTP\IncomingRequest), NULL)
#3 /home/gnecmedia/vendor/codeigniter4/framework/system/CodeIgniter.php(407): CodeIgniter\Filters\Filters->run('serveice-reques...', 'before')
#4 /home/gnecmedia/vendor/codeigniter4/framework/system/CodeIgniter.php(336): CodeIgniter\CodeIgniter->handleRequest(NULL, Object(Config\Cache), false)
#5 /home/gnecmedia/public_html/index.php(37): CodeIgniter\CodeIgniter->run()
#6 {main}
CRITICAL - 2021-07-12 06:49:57 --> The action you requested is not allowed.
#0 /home/gnecmedia/vendor/codeigniter4/framework/system/Security/Security.php(240): CodeIgniter\Security\Exceptions\SecurityException::forDisallowedAction()
#1 /home/gnecmedia/vendor/codeigniter4/framework/system/Filters/CSRF.php(57): CodeIgniter\Security\Security->verify(Object(CodeIgniter\HTTP\IncomingRequest))
#2 /home/gnecmedia/vendor/codeigniter4/framework/system/Filters/Filters.php(181): CodeIgniter\Filters\CSRF->before(Object(CodeIgniter\HTTP\IncomingRequest), NULL)
#3 /home/gnecmedia/vendor/codeigniter4/framework/system/CodeIgniter.php(407): CodeIgniter\Filters\Filters->run('contact-query', 'before')
#4 /home/gnecmedia/vendor/codeigniter4/framework/system/CodeIgniter.php(336): CodeIgniter\CodeIgniter->handleRequest(NULL, Object(Config\Cache), false)
#5 /home/gnecmedia/public_html/index.php(37): CodeIgniter\CodeIgniter->run()
#6 {main}
